<?xml version="1.0" encoding="UTF-8"?>
<testsuite name="ru.otus.otuskotlin.marketplace.mappers.WorkshopMapperTest" tests="4" skipped="0" failures="0" errors="0" timestamp="2021-03-07T20:33:35" hostname="lenovo" time="0.133">
  <properties/>
  <testcase name="mappingTestRequestWorkshopCreate" classname="ru.otus.otuskotlin.marketplace.mappers.WorkshopMapperTest" time="0.124"/>
  <testcase name="mappingTestRequestWorkshopDelete" classname="ru.otus.otuskotlin.marketplace.mappers.WorkshopMapperTest" time="0.003"/>
  <testcase name="mappingTestRequestWorkshopUpdate" classname="ru.otus.otuskotlin.marketplace.mappers.WorkshopMapperTest" time="0.003"/>
  <testcase name="mappingTestRequestWorkshopRead" classname="ru.otus.otuskotlin.marketplace.mappers.WorkshopMapperTest" time="0.001"/>
  <system-out><![CDATA[]]></system-out>
  <system-err><![CDATA[]]></system-err>
</testsuite>
