<?xml version="1.0" encoding="UTF-8"?>
<testsuite name="ru.otus.otuskotlin.marketplace.transport.models.SerializationTest" tests="1" skipped="0" failures="0" errors="0" timestamp="2021-03-04T17:37:54" hostname="lenovo" time="0.107">
  <properties/>
  <testcase name="serializationMpRequestArtCreate" classname="ru.otus.otuskotlin.marketplace.transport.models.SerializationTest" time="0.107"/>
  <system-out><![CDATA[]]></system-out>
  <system-err><![CDATA[]]></system-err>
</testsuite>
